终端机在文法中未使用

    T_NUM


状态 113 冲突：1 项偏移/归约


语法

    0 $accept: Program $end

    1 Program: ExtDefList

    2 ExtDefList: ExtDef ExtDefList
    3           | %empty

    4 ExtDef: Specifier ExtDecList SEMI
    5       | Specifier ExtDecList error
    6       | Specifier SEMI
    7       | Specifier FunDec CompSt

    8 ExtDecList: VarDec
    9           | VarDec COMMA ExtDecList

   10 Specifier: TYPE
   11          | StructSpecifier

   12 StructSpecifier: STRUCT OptTag LC DefList RC
   13                | STRUCT Tag

   14 OptTag: ID
   15       | %empty

   16 Tag: ID

   17 VarDec: ID
   18       | VarDec LB INT RB
   19       | VarDec LB INT error

   20 FunDec: ID LP VarList RP
   21       | ID LP RP
   22       | ID LP VarList error

   23 VarList: ParamDec COMMA VarList
   24        | ParamDec

   25 ParamDec: Specifier VarDec

   26 CompSt: LC DefList StmtList RC

   27 StmtList: Stmt StmtList
   28         | %empty

   29 Stmt: Exp SEMI
   30     | Exp error
   31     | CompSt
   32     | RETURN Exp SEMI
   33     | RETURN Exp error
   34     | IF LP Exp RP Stmt
   35     | IF LP Exp RP Stmt ELSE Stmt
   36     | WHILE LP Exp RP Stmt

   37 DefList: Def DefList
   38        | %empty

   39 Def: Specifier DecList SEMI
   40    | Specifier DecList error

   41 DecList: Dec
   42        | Dec COMMA DecList

   43 Dec: VarDec
   44    | VarDec ASSIGNOP Exp

   45 Exp: Exp ASSIGNOP Exp
   46    | Exp AND Exp
   47    | Exp OR Exp
   48    | Exp RELOP Exp
   49    | Exp PLUS Exp
   50    | Exp MINUS Exp
   51    | Exp STAR Exp
   52    | Exp DIV Exp
   53    | LP Exp RP
   54    | MINUS Exp
   55    | NOT Exp
   56    | ID LP Args RP
   57    | ID LP RP
   58    | Exp LB Exp RB
   59    | Exp LB Exp error
   60    | Exp DOT ID
   61    | ID
   62    | INT
   63    | FLOAT

   64 Args: Exp COMMA Args
   65     | Exp


终结语词，附有它们出现处的规则

    $end (0) 0
    error (256) 5 19 22 30 33 40 59
    T_NUM (258)
    TYPE (259) 10
    LP (260) 20 21 22 34 35 36 53 56 57
    RP (261) 20 21 34 35 36 53 56 57
    LB (262) 18 19 58 59
    RB (263) 18 58
    LC (264) 12 26
    RC (265) 12 26
    STRUCT (266) 12 13
    RETURN (267) 32 33
    IF (268) 34 35
    ELSE (269) 35
    WHILE (270) 36
    INT (271) 18 19 62
    FLOAT (272) 63
    ID (273) 14 16 17 20 21 22 56 57 60 61
    SEMI (274) 4 6 29 32 39
    COMMA (275) 9 23 42 64
    ASSIGNOP (276) 44 45
    RELOP (277) 48
    PLUS (278) 49
    MINUS (279) 50 54
    STAR (280) 51
    DIV (281) 52
    AND (282) 46
    OR (283) 47
    DOT (284) 60
    NOT (285) 55
    NEG (286)


非终结语词，附有它们出现处的规则

    $accept (32)
        on left: 0
    Program (33)
        on left: 1
        on right: 0
    ExtDefList (34)
        on left: 2 3
        on right: 1 2
    ExtDef (35)
        on left: 4 5 6 7
        on right: 2
    ExtDecList (36)
        on left: 8 9
        on right: 4 5 9
    Specifier (37)
        on left: 10 11
        on right: 4 5 6 7 25 39 40
    StructSpecifier (38)
        on left: 12 13
        on right: 11
    OptTag (39)
        on left: 14 15
        on right: 12
    Tag (40)
        on left: 16
        on right: 13
    VarDec (41)
        on left: 17 18 19
        on right: 8 9 18 19 25 43 44
    FunDec (42)
        on left: 20 21 22
        on right: 7
    VarList (43)
        on left: 23 24
        on right: 20 22 23
    ParamDec (44)
        on left: 25
        on right: 23 24
    CompSt (45)
        on left: 26
        on right: 7 31
    StmtList (46)
        on left: 27 28
        on right: 26 27
    Stmt (47)
        on left: 29 30 31 32 33 34 35 36
        on right: 27 34 35 36
    DefList (48)
        on left: 37 38
        on right: 12 26 37
    Def (49)
        on left: 39 40
        on right: 37
    DecList (50)
        on left: 41 42
        on right: 39 40 42
    Dec (51)
        on left: 43 44
        on right: 41 42
    Exp (52)
        on left: 45 46 47 48 49 50 51 52 53 54 55 56 57 58 59 60 61 62 63
        on right: 29 30 32 33 34 35 36 44 45 46 47 48 49 50 51 52 53 54 55 58 59 60 64 65
    Args (53)
        on left: 64 65
        on right: 56 64


状态 0

    0 $accept: . Program $end

    TYPE    偏移，并进入状态 1
    STRUCT  偏移，并进入状态 2

    $default  使用规则 3 以归约 (ExtDefList)

    Program          转到状态 3
    ExtDefList       转到状态 4
    ExtDef           转到状态 5
    Specifier        转到状态 6
    StructSpecifier  转到状态 7


状态 1

   10 Specifier: TYPE .

    $default  使用规则 10 以归约 (Specifier)


状态 2

   12 StructSpecifier: STRUCT . OptTag LC DefList RC
   13                | STRUCT . Tag

    ID  偏移，并进入状态 8

    $default  使用规则 15 以归约 (OptTag)

    OptTag  转到状态 9
    Tag     转到状态 10


状态 3

    0 $accept: Program . $end

    $end  偏移，并进入状态 11


状态 4

    1 Program: ExtDefList .

    $default  使用规则 1 以归约 (Program)


状态 5

    2 ExtDefList: ExtDef . ExtDefList

    TYPE    偏移，并进入状态 1
    STRUCT  偏移，并进入状态 2

    $default  使用规则 3 以归约 (ExtDefList)

    ExtDefList       转到状态 12
    ExtDef           转到状态 5
    Specifier        转到状态 6
    StructSpecifier  转到状态 7


状态 6

    4 ExtDef: Specifier . ExtDecList SEMI
    5       | Specifier . ExtDecList error
    6       | Specifier . SEMI
    7       | Specifier . FunDec CompSt

    ID    偏移，并进入状态 13
    SEMI  偏移，并进入状态 14

    ExtDecList  转到状态 15
    VarDec      转到状态 16
    FunDec      转到状态 17


状态 7

   11 Specifier: StructSpecifier .

    $default  使用规则 11 以归约 (Specifier)


状态 8

   14 OptTag: ID .
   16 Tag: ID .

    LC        使用规则 14 以归约 (OptTag)
    $default  使用规则 16 以归约 (Tag)


状态 9

   12 StructSpecifier: STRUCT OptTag . LC DefList RC

    LC  偏移，并进入状态 18


状态 10

   13 StructSpecifier: STRUCT Tag .

    $default  使用规则 13 以归约 (StructSpecifier)


状态 11

    0 $accept: Program $end .

    $default  接受


状态 12

    2 ExtDefList: ExtDef ExtDefList .

    $default  使用规则 2 以归约 (ExtDefList)


状态 13

   17 VarDec: ID .
   20 FunDec: ID . LP VarList RP
   21       | ID . LP RP
   22       | ID . LP VarList error

    LP  偏移，并进入状态 19

    $default  使用规则 17 以归约 (VarDec)


状态 14

    6 ExtDef: Specifier SEMI .

    $default  使用规则 6 以归约 (ExtDef)


状态 15

    4 ExtDef: Specifier ExtDecList . SEMI
    5       | Specifier ExtDecList . error

    error  偏移，并进入状态 20
    SEMI   偏移，并进入状态 21


状态 16

    8 ExtDecList: VarDec .
    9           | VarDec . COMMA ExtDecList
   18 VarDec: VarDec . LB INT RB
   19       | VarDec . LB INT error

    LB     偏移，并进入状态 22
    COMMA  偏移，并进入状态 23

    $default  使用规则 8 以归约 (ExtDecList)


状态 17

    7 ExtDef: Specifier FunDec . CompSt

    LC  偏移，并进入状态 24

    CompSt  转到状态 25


状态 18

   12 StructSpecifier: STRUCT OptTag LC . DefList RC

    TYPE    偏移，并进入状态 1
    STRUCT  偏移，并进入状态 2

    $default  使用规则 38 以归约 (DefList)

    Specifier        转到状态 26
    StructSpecifier  转到状态 7
    DefList          转到状态 27
    Def              转到状态 28


状态 19

   20 FunDec: ID LP . VarList RP
   21       | ID LP . RP
   22       | ID LP . VarList error

    TYPE    偏移，并进入状态 1
    RP      偏移，并进入状态 29
    STRUCT  偏移，并进入状态 2

    Specifier        转到状态 30
    StructSpecifier  转到状态 7
    VarList          转到状态 31
    ParamDec         转到状态 32


状态 20

    5 ExtDef: Specifier ExtDecList error .

    $default  使用规则 5 以归约 (ExtDef)


状态 21

    4 ExtDef: Specifier ExtDecList SEMI .

    $default  使用规则 4 以归约 (ExtDef)


状态 22

   18 VarDec: VarDec LB . INT RB
   19       | VarDec LB . INT error

    INT  偏移，并进入状态 33


状态 23

    9 ExtDecList: VarDec COMMA . ExtDecList

    ID  偏移，并进入状态 34

    ExtDecList  转到状态 35
    VarDec      转到状态 16


状态 24

   26 CompSt: LC . DefList StmtList RC

    TYPE    偏移，并进入状态 1
    STRUCT  偏移，并进入状态 2

    $default  使用规则 38 以归约 (DefList)

    Specifier        转到状态 26
    StructSpecifier  转到状态 7
    DefList          转到状态 36
    Def              转到状态 28


状态 25

    7 ExtDef: Specifier FunDec CompSt .

    $default  使用规则 7 以归约 (ExtDef)


状态 26

   39 Def: Specifier . DecList SEMI
   40    | Specifier . DecList error

    ID  偏移，并进入状态 34

    VarDec   转到状态 37
    DecList  转到状态 38
    Dec      转到状态 39


状态 27

   12 StructSpecifier: STRUCT OptTag LC DefList . RC

    RC  偏移，并进入状态 40


状态 28

   37 DefList: Def . DefList

    TYPE    偏移，并进入状态 1
    STRUCT  偏移，并进入状态 2

    $default  使用规则 38 以归约 (DefList)

    Specifier        转到状态 26
    StructSpecifier  转到状态 7
    DefList          转到状态 41
    Def              转到状态 28


状态 29

   21 FunDec: ID LP RP .

    $default  使用规则 21 以归约 (FunDec)


状态 30

   25 ParamDec: Specifier . VarDec

    ID  偏移，并进入状态 34

    VarDec  转到状态 42


状态 31

   20 FunDec: ID LP VarList . RP
   22       | ID LP VarList . error

    error  偏移，并进入状态 43
    RP     偏移，并进入状态 44


状态 32

   23 VarList: ParamDec . COMMA VarList
   24        | ParamDec .

    COMMA  偏移，并进入状态 45

    $default  使用规则 24 以归约 (VarList)


状态 33

   18 VarDec: VarDec LB INT . RB
   19       | VarDec LB INT . error

    error  偏移，并进入状态 46
    RB     偏移，并进入状态 47


状态 34

   17 VarDec: ID .

    $default  使用规则 17 以归约 (VarDec)


状态 35

    9 ExtDecList: VarDec COMMA ExtDecList .

    $default  使用规则 9 以归约 (ExtDecList)


状态 36

   26 CompSt: LC DefList . StmtList RC

    LP      偏移，并进入状态 48
    LC      偏移，并进入状态 24
    RETURN  偏移，并进入状态 49
    IF      偏移，并进入状态 50
    WHILE   偏移，并进入状态 51
    INT     偏移，并进入状态 52
    FLOAT   偏移，并进入状态 53
    ID      偏移，并进入状态 54
    MINUS   偏移，并进入状态 55
    NOT     偏移，并进入状态 56

    $default  使用规则 28 以归约 (StmtList)

    CompSt    转到状态 57
    StmtList  转到状态 58
    Stmt      转到状态 59
    Exp       转到状态 60


状态 37

   18 VarDec: VarDec . LB INT RB
   19       | VarDec . LB INT error
   43 Dec: VarDec .
   44    | VarDec . ASSIGNOP Exp

    LB        偏移，并进入状态 22
    ASSIGNOP  偏移，并进入状态 61

    $default  使用规则 43 以归约 (Dec)


状态 38

   39 Def: Specifier DecList . SEMI
   40    | Specifier DecList . error

    error  偏移，并进入状态 62
    SEMI   偏移，并进入状态 63


状态 39

   41 DecList: Dec .
   42        | Dec . COMMA DecList

    COMMA  偏移，并进入状态 64

    $default  使用规则 41 以归约 (DecList)


状态 40

   12 StructSpecifier: STRUCT OptTag LC DefList RC .

    $default  使用规则 12 以归约 (StructSpecifier)


状态 41

   37 DefList: Def DefList .

    $default  使用规则 37 以归约 (DefList)


状态 42

   18 VarDec: VarDec . LB INT RB
   19       | VarDec . LB INT error
   25 ParamDec: Specifier VarDec .

    LB  偏移，并进入状态 22

    $default  使用规则 25 以归约 (ParamDec)


状态 43

   22 FunDec: ID LP VarList error .

    $default  使用规则 22 以归约 (FunDec)


状态 44

   20 FunDec: ID LP VarList RP .

    $default  使用规则 20 以归约 (FunDec)


状态 45

   23 VarList: ParamDec COMMA . VarList

    TYPE    偏移，并进入状态 1
    STRUCT  偏移，并进入状态 2

    Specifier        转到状态 30
    StructSpecifier  转到状态 7
    VarList          转到状态 65
    ParamDec         转到状态 32


状态 46

   19 VarDec: VarDec LB INT error .

    $default  使用规则 19 以归约 (VarDec)


状态 47

   18 VarDec: VarDec LB INT RB .

    $default  使用规则 18 以归约 (VarDec)


状态 48

   53 Exp: LP . Exp RP

    LP     偏移，并进入状态 48
    INT    偏移，并进入状态 52
    FLOAT  偏移，并进入状态 53
    ID     偏移，并进入状态 54
    MINUS  偏移，并进入状态 55
    NOT    偏移，并进入状态 56

    Exp  转到状态 66


状态 49

   32 Stmt: RETURN . Exp SEMI
   33     | RETURN . Exp error

    LP     偏移，并进入状态 48
    INT    偏移，并进入状态 52
    FLOAT  偏移，并进入状态 53
    ID     偏移，并进入状态 54
    MINUS  偏移，并进入状态 55
    NOT    偏移，并进入状态 56

    Exp  转到状态 67


状态 50

   34 Stmt: IF . LP Exp RP Stmt
   35     | IF . LP Exp RP Stmt ELSE Stmt

    LP  偏移，并进入状态 68


状态 51

   36 Stmt: WHILE . LP Exp RP Stmt

    LP  偏移，并进入状态 69


状态 52

   62 Exp: INT .

    $default  使用规则 62 以归约 (Exp)


状态 53

   63 Exp: FLOAT .

    $default  使用规则 63 以归约 (Exp)


状态 54

   56 Exp: ID . LP Args RP
   57    | ID . LP RP
   61    | ID .

    LP  偏移，并进入状态 70

    $default  使用规则 61 以归约 (Exp)


状态 55

   54 Exp: MINUS . Exp

    LP     偏移，并进入状态 48
    INT    偏移，并进入状态 52
    FLOAT  偏移，并进入状态 53
    ID     偏移，并进入状态 54
    MINUS  偏移，并进入状态 55
    NOT    偏移，并进入状态 56

    Exp  转到状态 71


状态 56

   55 Exp: NOT . Exp

    LP     偏移，并进入状态 48
    INT    偏移，并进入状态 52
    FLOAT  偏移，并进入状态 53
    ID     偏移，并进入状态 54
    MINUS  偏移，并进入状态 55
    NOT    偏移，并进入状态 56

    Exp  转到状态 72


状态 57

   31 Stmt: CompSt .

    $default  使用规则 31 以归约 (Stmt)


状态 58

   26 CompSt: LC DefList StmtList . RC

    RC  偏移，并进入状态 73


状态 59

   27 StmtList: Stmt . StmtList

    LP      偏移，并进入状态 48
    LC      偏移，并进入状态 24
    RETURN  偏移，并进入状态 49
    IF      偏移，并进入状态 50
    WHILE   偏移，并进入状态 51
    INT     偏移，并进入状态 52
    FLOAT   偏移，并进入状态 53
    ID      偏移，并进入状态 54
    MINUS   偏移，并进入状态 55
    NOT     偏移，并进入状态 56

    $default  使用规则 28 以归约 (StmtList)

    CompSt    转到状态 57
    StmtList  转到状态 74
    Stmt      转到状态 59
    Exp       转到状态 60


状态 60

   29 Stmt: Exp . SEMI
   30     | Exp . error
   45 Exp: Exp . ASSIGNOP Exp
   46    | Exp . AND Exp
   47    | Exp . OR Exp
   48    | Exp . RELOP Exp
   49    | Exp . PLUS Exp
   50    | Exp . MINUS Exp
   51    | Exp . STAR Exp
   52    | Exp . DIV Exp
   58    | Exp . LB Exp RB
   59    | Exp . LB Exp error
   60    | Exp . DOT ID

    error     偏移，并进入状态 75
    LB        偏移，并进入状态 76
    SEMI      偏移，并进入状态 77
    ASSIGNOP  偏移，并进入状态 78
    RELOP     偏移，并进入状态 79
    PLUS      偏移，并进入状态 80
    MINUS     偏移，并进入状态 81
    STAR      偏移，并进入状态 82
    DIV       偏移，并进入状态 83
    AND       偏移，并进入状态 84
    OR        偏移，并进入状态 85
    DOT       偏移，并进入状态 86


状态 61

   44 Dec: VarDec ASSIGNOP . Exp

    LP     偏移，并进入状态 48
    INT    偏移，并进入状态 52
    FLOAT  偏移，并进入状态 53
    ID     偏移，并进入状态 54
    MINUS  偏移，并进入状态 55
    NOT    偏移，并进入状态 56

    Exp  转到状态 87


状态 62

   40 Def: Specifier DecList error .

    $default  使用规则 40 以归约 (Def)


状态 63

   39 Def: Specifier DecList SEMI .

    $default  使用规则 39 以归约 (Def)


状态 64

   42 DecList: Dec COMMA . DecList

    ID  偏移，并进入状态 34

    VarDec   转到状态 37
    DecList  转到状态 88
    Dec      转到状态 39


状态 65

   23 VarList: ParamDec COMMA VarList .

    $default  使用规则 23 以归约 (VarList)


状态 66

   45 Exp: Exp . ASSIGNOP Exp
   46    | Exp . AND Exp
   47    | Exp . OR Exp
   48    | Exp . RELOP Exp
   49    | Exp . PLUS Exp
   50    | Exp . MINUS Exp
   51    | Exp . STAR Exp
   52    | Exp . DIV Exp
   53    | LP Exp . RP
   58    | Exp . LB Exp RB
   59    | Exp . LB Exp error
   60    | Exp . DOT ID

    RP        偏移，并进入状态 89
    LB        偏移，并进入状态 76
    ASSIGNOP  偏移，并进入状态 78
    RELOP     偏移，并进入状态 79
    PLUS      偏移，并进入状态 80
    MINUS     偏移，并进入状态 81
    STAR      偏移，并进入状态 82
    DIV       偏移，并进入状态 83
    AND       偏移，并进入状态 84
    OR        偏移，并进入状态 85
    DOT       偏移，并进入状态 86


状态 67

   32 Stmt: RETURN Exp . SEMI
   33     | RETURN Exp . error
   45 Exp: Exp . ASSIGNOP Exp
   46    | Exp . AND Exp
   47    | Exp . OR Exp
   48    | Exp . RELOP Exp
   49    | Exp . PLUS Exp
   50    | Exp . MINUS Exp
   51    | Exp . STAR Exp
   52    | Exp . DIV Exp
   58    | Exp . LB Exp RB
   59    | Exp . LB Exp error
   60    | Exp . DOT ID

    error     偏移，并进入状态 90
    LB        偏移，并进入状态 76
    SEMI      偏移，并进入状态 91
    ASSIGNOP  偏移，并进入状态 78
    RELOP     偏移，并进入状态 79
    PLUS      偏移，并进入状态 80
    MINUS     偏移，并进入状态 81
    STAR      偏移，并进入状态 82
    DIV       偏移，并进入状态 83
    AND       偏移，并进入状态 84
    OR        偏移，并进入状态 85
    DOT       偏移，并进入状态 86


状态 68

   34 Stmt: IF LP . Exp RP Stmt
   35     | IF LP . Exp RP Stmt ELSE Stmt

    LP     偏移，并进入状态 48
    INT    偏移，并进入状态 52
    FLOAT  偏移，并进入状态 53
    ID     偏移，并进入状态 54
    MINUS  偏移，并进入状态 55
    NOT    偏移，并进入状态 56

    Exp  转到状态 92


状态 69

   36 Stmt: WHILE LP . Exp RP Stmt

    LP     偏移，并进入状态 48
    INT    偏移，并进入状态 52
    FLOAT  偏移，并进入状态 53
    ID     偏移，并进入状态 54
    MINUS  偏移，并进入状态 55
    NOT    偏移，并进入状态 56

    Exp  转到状态 93


状态 70

   56 Exp: ID LP . Args RP
   57    | ID LP . RP

    LP     偏移，并进入状态 48
    RP     偏移，并进入状态 94
    INT    偏移，并进入状态 52
    FLOAT  偏移，并进入状态 53
    ID     偏移，并进入状态 54
    MINUS  偏移，并进入状态 55
    NOT    偏移，并进入状态 56

    Exp   转到状态 95
    Args  转到状态 96


状态 71

   45 Exp: Exp . ASSIGNOP Exp
   46    | Exp . AND Exp
   47    | Exp . OR Exp
   48    | Exp . RELOP Exp
   49    | Exp . PLUS Exp
   50    | Exp . MINUS Exp
   51    | Exp . STAR Exp
   52    | Exp . DIV Exp
   54    | MINUS Exp .
   58    | Exp . LB Exp RB
   59    | Exp . LB Exp error
   60    | Exp . DOT ID

    LB   偏移，并进入状态 76
    DOT  偏移，并进入状态 86

    $default  使用规则 54 以归约 (Exp)


状态 72

   45 Exp: Exp . ASSIGNOP Exp
   46    | Exp . AND Exp
   47    | Exp . OR Exp
   48    | Exp . RELOP Exp
   49    | Exp . PLUS Exp
   50    | Exp . MINUS Exp
   51    | Exp . STAR Exp
   52    | Exp . DIV Exp
   55    | NOT Exp .
   58    | Exp . LB Exp RB
   59    | Exp . LB Exp error
   60    | Exp . DOT ID

    LB   偏移，并进入状态 76
    DOT  偏移，并进入状态 86

    $default  使用规则 55 以归约 (Exp)


状态 73

   26 CompSt: LC DefList StmtList RC .

    $default  使用规则 26 以归约 (CompSt)


状态 74

   27 StmtList: Stmt StmtList .

    $default  使用规则 27 以归约 (StmtList)


状态 75

   30 Stmt: Exp error .

    $default  使用规则 30 以归约 (Stmt)


状态 76

   58 Exp: Exp LB . Exp RB
   59    | Exp LB . Exp error

    LP     偏移，并进入状态 48
    INT    偏移，并进入状态 52
    FLOAT  偏移，并进入状态 53
    ID     偏移，并进入状态 54
    MINUS  偏移，并进入状态 55
    NOT    偏移，并进入状态 56

    Exp  转到状态 97


状态 77

   29 Stmt: Exp SEMI .

    $default  使用规则 29 以归约 (Stmt)


状态 78

   45 Exp: Exp ASSIGNOP . Exp

    LP     偏移，并进入状态 48
    INT    偏移，并进入状态 52
    FLOAT  偏移，并进入状态 53
    ID     偏移，并进入状态 54
    MINUS  偏移，并进入状态 55
    NOT    偏移，并进入状态 56

    Exp  转到状态 98


状态 79

   48 Exp: Exp RELOP . Exp

    LP     偏移，并进入状态 48
    INT    偏移，并进入状态 52
    FLOAT  偏移，并进入状态 53
    ID     偏移，并进入状态 54
    MINUS  偏移，并进入状态 55
    NOT    偏移，并进入状态 56

    Exp  转到状态 99


状态 80

   49 Exp: Exp PLUS . Exp

    LP     偏移，并进入状态 48
    INT    偏移，并进入状态 52
    FLOAT  偏移，并进入状态 53
    ID     偏移，并进入状态 54
    MINUS  偏移，并进入状态 55
    NOT    偏移，并进入状态 56

    Exp  转到状态 100


状态 81

   50 Exp: Exp MINUS . Exp

    LP     偏移，并进入状态 48
    INT    偏移，并进入状态 52
    FLOAT  偏移，并进入状态 53
    ID     偏移，并进入状态 54
    MINUS  偏移，并进入状态 55
    NOT    偏移，并进入状态 56

    Exp  转到状态 101


状态 82

   51 Exp: Exp STAR . Exp

    LP     偏移，并进入状态 48
    INT    偏移，并进入状态 52
    FLOAT  偏移，并进入状态 53
    ID     偏移，并进入状态 54
    MINUS  偏移，并进入状态 55
    NOT    偏移，并进入状态 56

    Exp  转到状态 102


状态 83

   52 Exp: Exp DIV . Exp

    LP     偏移，并进入状态 48
    INT    偏移，并进入状态 52
    FLOAT  偏移，并进入状态 53
    ID     偏移，并进入状态 54
    MINUS  偏移，并进入状态 55
    NOT    偏移，并进入状态 56

    Exp  转到状态 103


状态 84

   46 Exp: Exp AND . Exp

    LP     偏移，并进入状态 48
    INT    偏移，并进入状态 52
    FLOAT  偏移，并进入状态 53
    ID     偏移，并进入状态 54
    MINUS  偏移，并进入状态 55
    NOT    偏移，并进入状态 56

    Exp  转到状态 104


状态 85

   47 Exp: Exp OR . Exp

    LP     偏移，并进入状态 48
    INT    偏移，并进入状态 52
    FLOAT  偏移，并进入状态 53
    ID     偏移，并进入状态 54
    MINUS  偏移，并进入状态 55
    NOT    偏移，并进入状态 56

    Exp  转到状态 105


状态 86

   60 Exp: Exp DOT . ID

    ID  偏移，并进入状态 106


状态 87

   44 Dec: VarDec ASSIGNOP Exp .
   45 Exp: Exp . ASSIGNOP Exp
   46    | Exp . AND Exp
   47    | Exp . OR Exp
   48    | Exp . RELOP Exp
   49    | Exp . PLUS Exp
   50    | Exp . MINUS Exp
   51    | Exp . STAR Exp
   52    | Exp . DIV Exp
   58    | Exp . LB Exp RB
   59    | Exp . LB Exp error
   60    | Exp . DOT ID

    LB        偏移，并进入状态 76
    ASSIGNOP  偏移，并进入状态 78
    RELOP     偏移，并进入状态 79
    PLUS      偏移，并进入状态 80
    MINUS     偏移，并进入状态 81
    STAR      偏移，并进入状态 82
    DIV       偏移，并进入状态 83
    AND       偏移，并进入状态 84
    OR        偏移，并进入状态 85
    DOT       偏移，并进入状态 86

    $default  使用规则 44 以归约 (Dec)


状态 88

   42 DecList: Dec COMMA DecList .

    $default  使用规则 42 以归约 (DecList)


状态 89

   53 Exp: LP Exp RP .

    $default  使用规则 53 以归约 (Exp)


状态 90

   33 Stmt: RETURN Exp error .

    $default  使用规则 33 以归约 (Stmt)


状态 91

   32 Stmt: RETURN Exp SEMI .

    $default  使用规则 32 以归约 (Stmt)


状态 92

   34 Stmt: IF LP Exp . RP Stmt
   35     | IF LP Exp . RP Stmt ELSE Stmt
   45 Exp: Exp . ASSIGNOP Exp
   46    | Exp . AND Exp
   47    | Exp . OR Exp
   48    | Exp . RELOP Exp
   49    | Exp . PLUS Exp
   50    | Exp . MINUS Exp
   51    | Exp . STAR Exp
   52    | Exp . DIV Exp
   58    | Exp . LB Exp RB
   59    | Exp . LB Exp error
   60    | Exp . DOT ID

    RP        偏移，并进入状态 107
    LB        偏移，并进入状态 76
    ASSIGNOP  偏移，并进入状态 78
    RELOP     偏移，并进入状态 79
    PLUS      偏移，并进入状态 80
    MINUS     偏移，并进入状态 81
    STAR      偏移，并进入状态 82
    DIV       偏移，并进入状态 83
    AND       偏移，并进入状态 84
    OR        偏移，并进入状态 85
    DOT       偏移，并进入状态 86


状态 93

   36 Stmt: WHILE LP Exp . RP Stmt
   45 Exp: Exp . ASSIGNOP Exp
   46    | Exp . AND Exp
   47    | Exp . OR Exp
   48    | Exp . RELOP Exp
   49    | Exp . PLUS Exp
   50    | Exp . MINUS Exp
   51    | Exp . STAR Exp
   52    | Exp . DIV Exp
   58    | Exp . LB Exp RB
   59    | Exp . LB Exp error
   60    | Exp . DOT ID

    RP        偏移，并进入状态 108
    LB        偏移，并进入状态 76
    ASSIGNOP  偏移，并进入状态 78
    RELOP     偏移，并进入状态 79
    PLUS      偏移，并进入状态 80
    MINUS     偏移，并进入状态 81
    STAR      偏移，并进入状态 82
    DIV       偏移，并进入状态 83
    AND       偏移，并进入状态 84
    OR        偏移，并进入状态 85
    DOT       偏移，并进入状态 86


状态 94

   57 Exp: ID LP RP .

    $default  使用规则 57 以归约 (Exp)


状态 95

   45 Exp: Exp . ASSIGNOP Exp
   46    | Exp . AND Exp
   47    | Exp . OR Exp
   48    | Exp . RELOP Exp
   49    | Exp . PLUS Exp
   50    | Exp . MINUS Exp
   51    | Exp . STAR Exp
   52    | Exp . DIV Exp
   58    | Exp . LB Exp RB
   59    | Exp . LB Exp error
   60    | Exp . DOT ID
   64 Args: Exp . COMMA Args
   65     | Exp .

    LB        偏移，并进入状态 76
    COMMA     偏移，并进入状态 109
    ASSIGNOP  偏移，并进入状态 78
    RELOP     偏移，并进入状态 79
    PLUS      偏移，并进入状态 80
    MINUS     偏移，并进入状态 81
    STAR      偏移，并进入状态 82
    DIV       偏移，并进入状态 83
    AND       偏移，并进入状态 84
    OR        偏移，并进入状态 85
    DOT       偏移，并进入状态 86

    $default  使用规则 65 以归约 (Args)


状态 96

   56 Exp: ID LP Args . RP

    RP  偏移，并进入状态 110


状态 97

   45 Exp: Exp . ASSIGNOP Exp
   46    | Exp . AND Exp
   47    | Exp . OR Exp
   48    | Exp . RELOP Exp
   49    | Exp . PLUS Exp
   50    | Exp . MINUS Exp
   51    | Exp . STAR Exp
   52    | Exp . DIV Exp
   58    | Exp . LB Exp RB
   58    | Exp LB Exp . RB
   59    | Exp . LB Exp error
   59    | Exp LB Exp . error
   60    | Exp . DOT ID

    error     偏移，并进入状态 111
    LB        偏移，并进入状态 76
    RB        偏移，并进入状态 112
    ASSIGNOP  偏移，并进入状态 78
    RELOP     偏移，并进入状态 79
    PLUS      偏移，并进入状态 80
    MINUS     偏移，并进入状态 81
    STAR      偏移，并进入状态 82
    DIV       偏移，并进入状态 83
    AND       偏移，并进入状态 84
    OR        偏移，并进入状态 85
    DOT       偏移，并进入状态 86


状态 98

   45 Exp: Exp . ASSIGNOP Exp
   45    | Exp ASSIGNOP Exp .
   46    | Exp . AND Exp
   47    | Exp . OR Exp
   48    | Exp . RELOP Exp
   49    | Exp . PLUS Exp
   50    | Exp . MINUS Exp
   51    | Exp . STAR Exp
   52    | Exp . DIV Exp
   58    | Exp . LB Exp RB
   59    | Exp . LB Exp error
   60    | Exp . DOT ID

    LB        偏移，并进入状态 76
    ASSIGNOP  偏移，并进入状态 78
    RELOP     偏移，并进入状态 79
    PLUS      偏移，并进入状态 80
    MINUS     偏移，并进入状态 81
    STAR      偏移，并进入状态 82
    DIV       偏移，并进入状态 83
    AND       偏移，并进入状态 84
    OR        偏移，并进入状态 85
    DOT       偏移，并进入状态 86

    $default  使用规则 45 以归约 (Exp)


状态 99

   45 Exp: Exp . ASSIGNOP Exp
   46    | Exp . AND Exp
   47    | Exp . OR Exp
   48    | Exp . RELOP Exp
   48    | Exp RELOP Exp .
   49    | Exp . PLUS Exp
   50    | Exp . MINUS Exp
   51    | Exp . STAR Exp
   52    | Exp . DIV Exp
   58    | Exp . LB Exp RB
   59    | Exp . LB Exp error
   60    | Exp . DOT ID

    LB     偏移，并进入状态 76
    PLUS   偏移，并进入状态 80
    MINUS  偏移，并进入状态 81
    STAR   偏移，并进入状态 82
    DIV    偏移，并进入状态 83
    DOT    偏移，并进入状态 86

    $default  使用规则 48 以归约 (Exp)


状态 100

   45 Exp: Exp . ASSIGNOP Exp
   46    | Exp . AND Exp
   47    | Exp . OR Exp
   48    | Exp . RELOP Exp
   49    | Exp . PLUS Exp
   49    | Exp PLUS Exp .
   50    | Exp . MINUS Exp
   51    | Exp . STAR Exp
   52    | Exp . DIV Exp
   58    | Exp . LB Exp RB
   59    | Exp . LB Exp error
   60    | Exp . DOT ID

    LB    偏移，并进入状态 76
    STAR  偏移，并进入状态 82
    DIV   偏移，并进入状态 83
    DOT   偏移，并进入状态 86

    $default  使用规则 49 以归约 (Exp)


状态 101

   45 Exp: Exp . ASSIGNOP Exp
   46    | Exp . AND Exp
   47    | Exp . OR Exp
   48    | Exp . RELOP Exp
   49    | Exp . PLUS Exp
   50    | Exp . MINUS Exp
   50    | Exp MINUS Exp .
   51    | Exp . STAR Exp
   52    | Exp . DIV Exp
   58    | Exp . LB Exp RB
   59    | Exp . LB Exp error
   60    | Exp . DOT ID

    LB    偏移，并进入状态 76
    STAR  偏移，并进入状态 82
    DIV   偏移，并进入状态 83
    DOT   偏移，并进入状态 86

    $default  使用规则 50 以归约 (Exp)


状态 102

   45 Exp: Exp . ASSIGNOP Exp
   46    | Exp . AND Exp
   47    | Exp . OR Exp
   48    | Exp . RELOP Exp
   49    | Exp . PLUS Exp
   50    | Exp . MINUS Exp
   51    | Exp . STAR Exp
   51    | Exp STAR Exp .
   52    | Exp . DIV Exp
   58    | Exp . LB Exp RB
   59    | Exp . LB Exp error
   60    | Exp . DOT ID

    LB   偏移，并进入状态 76
    DOT  偏移，并进入状态 86

    $default  使用规则 51 以归约 (Exp)


状态 103

   45 Exp: Exp . ASSIGNOP Exp
   46    | Exp . AND Exp
   47    | Exp . OR Exp
   48    | Exp . RELOP Exp
   49    | Exp . PLUS Exp
   50    | Exp . MINUS Exp
   51    | Exp . STAR Exp
   52    | Exp . DIV Exp
   52    | Exp DIV Exp .
   58    | Exp . LB Exp RB
   59    | Exp . LB Exp error
   60    | Exp . DOT ID

    LB   偏移，并进入状态 76
    DOT  偏移，并进入状态 86

    $default  使用规则 52 以归约 (Exp)


状态 104

   45 Exp: Exp . ASSIGNOP Exp
   46    | Exp . AND Exp
   46    | Exp AND Exp .
   47    | Exp . OR Exp
   48    | Exp . RELOP Exp
   49    | Exp . PLUS Exp
   50    | Exp . MINUS Exp
   51    | Exp . STAR Exp
   52    | Exp . DIV Exp
   58    | Exp . LB Exp RB
   59    | Exp . LB Exp error
   60    | Exp . DOT ID

    LB     偏移，并进入状态 76
    RELOP  偏移，并进入状态 79
    PLUS   偏移，并进入状态 80
    MINUS  偏移，并进入状态 81
    STAR   偏移，并进入状态 82
    DIV    偏移，并进入状态 83
    DOT    偏移，并进入状态 86

    $default  使用规则 46 以归约 (Exp)


状态 105

   45 Exp: Exp . ASSIGNOP Exp
   46    | Exp . AND Exp
   47    | Exp . OR Exp
   47    | Exp OR Exp .
   48    | Exp . RELOP Exp
   49    | Exp . PLUS Exp
   50    | Exp . MINUS Exp
   51    | Exp . STAR Exp
   52    | Exp . DIV Exp
   58    | Exp . LB Exp RB
   59    | Exp . LB Exp error
   60    | Exp . DOT ID

    LB     偏移，并进入状态 76
    RELOP  偏移，并进入状态 79
    PLUS   偏移，并进入状态 80
    MINUS  偏移，并进入状态 81
    STAR   偏移，并进入状态 82
    DIV    偏移，并进入状态 83
    AND    偏移，并进入状态 84
    DOT    偏移，并进入状态 86

    $default  使用规则 47 以归约 (Exp)


状态 106

   60 Exp: Exp DOT ID .

    $default  使用规则 60 以归约 (Exp)


状态 107

   34 Stmt: IF LP Exp RP . Stmt
   35     | IF LP Exp RP . Stmt ELSE Stmt

    LP      偏移，并进入状态 48
    LC      偏移，并进入状态 24
    RETURN  偏移，并进入状态 49
    IF      偏移，并进入状态 50
    WHILE   偏移，并进入状态 51
    INT     偏移，并进入状态 52
    FLOAT   偏移，并进入状态 53
    ID      偏移，并进入状态 54
    MINUS   偏移，并进入状态 55
    NOT     偏移，并进入状态 56

    CompSt  转到状态 57
    Stmt    转到状态 113
    Exp     转到状态 60


状态 108

   36 Stmt: WHILE LP Exp RP . Stmt

    LP      偏移，并进入状态 48
    LC      偏移，并进入状态 24
    RETURN  偏移，并进入状态 49
    IF      偏移，并进入状态 50
    WHILE   偏移，并进入状态 51
    INT     偏移，并进入状态 52
    FLOAT   偏移，并进入状态 53
    ID      偏移，并进入状态 54
    MINUS   偏移，并进入状态 55
    NOT     偏移，并进入状态 56

    CompSt  转到状态 57
    Stmt    转到状态 114
    Exp     转到状态 60


状态 109

   64 Args: Exp COMMA . Args

    LP     偏移，并进入状态 48
    INT    偏移，并进入状态 52
    FLOAT  偏移，并进入状态 53
    ID     偏移，并进入状态 54
    MINUS  偏移，并进入状态 55
    NOT    偏移，并进入状态 56

    Exp   转到状态 95
    Args  转到状态 115


状态 110

   56 Exp: ID LP Args RP .

    $default  使用规则 56 以归约 (Exp)


状态 111

   59 Exp: Exp LB Exp error .

    $default  使用规则 59 以归约 (Exp)


状态 112

   58 Exp: Exp LB Exp RB .

    $default  使用规则 58 以归约 (Exp)


状态 113

   34 Stmt: IF LP Exp RP Stmt .
   35     | IF LP Exp RP Stmt . ELSE Stmt

    ELSE  偏移，并进入状态 116

    ELSE      [使用规则 34 以归约 (Stmt)]
    $default  使用规则 34 以归约 (Stmt)


状态 114

   36 Stmt: WHILE LP Exp RP Stmt .

    $default  使用规则 36 以归约 (Stmt)


状态 115

   64 Args: Exp COMMA Args .

    $default  使用规则 64 以归约 (Args)


状态 116

   35 Stmt: IF LP Exp RP Stmt ELSE . Stmt

    LP      偏移，并进入状态 48
    LC      偏移，并进入状态 24
    RETURN  偏移，并进入状态 49
    IF      偏移，并进入状态 50
    WHILE   偏移，并进入状态 51
    INT     偏移，并进入状态 52
    FLOAT   偏移，并进入状态 53
    ID      偏移，并进入状态 54
    MINUS   偏移，并进入状态 55
    NOT     偏移，并进入状态 56

    CompSt  转到状态 57
    Stmt    转到状态 117
    Exp     转到状态 60


状态 117

   35 Stmt: IF LP Exp RP Stmt ELSE Stmt .

    $default  使用规则 35 以归约 (Stmt)
